<?xml version="1.0" encoding="UTF-8"?>
<!-- Generated by org.testng.reporters.JUnitReportReporter -->
<testsuite hostname="ticky-PC" name="FrontEndTesting.PageServicesTest" tests="2" failures="0" timestamp="8 May 2015 20:02:28 GMT" time="0.123" errors="1">
  <testcase name="createPage" time="0.076" classname="FrontEndTesting.PageServicesTest"/>
  <testcase name="listPagesForOwner" time="0.047" classname="FrontEndTesting.PageServicesTest">
    <error type="java.lang.AssertionError" message="expected [PageEntity [pageOwner=hassan@yahoo.com, pageName=PlayStation4, type=Brand/Product, category=Games/Toys, numberOfLikes=1, pageID=3, numberOfActiveUsers=0]] but found [PageEntity [pageOwner=hassan@yahoo.com, pageName=PlayStation4, type=Brand/Product, category=Games/Toys, numberOfLikes=1, pageID=3, numberOfActiveUsers=0]]">
      <![CDATA[java.lang.AssertionError: expected [PageEntity [pageOwner=hassan@yahoo.com, pageName=PlayStation4, type=Brand/Product, category=Games/Toys, numberOfLikes=1, pageID=3, numberOfActiveUsers=0]] but found [PageEntity [pageOwner=hassan@yahoo.com, pageName=PlayStation4, type=Brand/Product, category=Games/Toys, numberOfLikes=1, pageID=3, numberOfActiveUsers=0]]
	at org.testng.Assert.fail(Assert.java:94)
	at org.testng.Assert.failNotEquals(Assert.java:494)
	at org.testng.Assert.assertEquals(Assert.java:123)
	at org.testng.Assert.assertEquals(Assert.java:165)
	at FrontEndTesting.PageServicesTest.listPagesForOwner(PageServicesTest.java:124)
	at sun.reflect.NativeMethodAccessorImpl.invoke0(Native Method)
	at sun.reflect.NativeMethodAccessorImpl.invoke(NativeMethodAccessorImpl.java:57)
	at sun.reflect.DelegatingMethodAccessorImpl.invoke(DelegatingMethodAccessorImpl.java:43)
	at java.lang.reflect.Method.invoke(Method.java:606)
	at org.testng.internal.MethodInvocationHelper.invokeMethod(MethodInvocationHelper.java:85)
	at org.testng.internal.Invoker.invokeMethod(Invoker.java:696)
	at org.testng.internal.Invoker.invokeTestMethod(Invoker.java:882)
	at org.testng.internal.Invoker.invokeTestMethods(Invoker.java:1189)
	at org.testng.internal.TestMethodWorker.invokeTestMethods(TestMethodWorker.java:124)
	at org.testng.internal.TestMethodWorker.run(TestMethodWorker.java:108)
	at org.testng.TestRunner.privateRun(TestRunner.java:767)
	at org.testng.TestRunner.run(TestRunner.java:617)
	at org.testng.SuiteRunner.runTest(SuiteRunner.java:348)
	at org.testng.SuiteRunner.runSequentially(SuiteRunner.java:343)
	at org.testng.SuiteRunner.privateRun(SuiteRunner.java:305)
	at org.testng.SuiteRunner.run(SuiteRunner.java:254)
	at org.testng.SuiteRunnerWorker.runSuite(SuiteRunnerWorker.java:52)
	at org.testng.SuiteRunnerWorker.run(SuiteRunnerWorker.java:86)
	at org.testng.TestNG.runSuitesSequentially(TestNG.java:1224)
	at org.testng.TestNG.runSuitesLocally(TestNG.java:1149)
	at org.testng.TestNG.run(TestNG.java:1057)
	at org.testng.remote.RemoteTestNG.run(RemoteTestNG.java:111)
	at org.testng.remote.RemoteTestNG.initAndRun(RemoteTestNG.java:204)
	at org.testng.remote.RemoteTestNG.main(RemoteTestNG.java:175)
]]>
    </error>
  </testcase> <!-- listPagesForOwner -->
</testsuite> <!-- FrontEndTesting.PageServicesTest -->
